WARNING: Could not find BOOLECTOR binary, "--boolector" option not available.
Number of rounds: 1
Starting search for characteristic with minimal weight
sparx - Rounds: 1 Wordsize: 16
---
Weight: 0 Time: 0.0s
Weight: 1 Time: 0.66s
Weight: 2 Time: 0.68s
Weight: 3 Time: 0.71s
Weight: 4 Time: 0.73s
Weight: 5 Time: 0.75s
Weight: 6 Time: 0.77s
Weight: 7 Time: 0.79s
Weight: 8 Time: 0.81s
Weight: 9 Time: 0.83s
Weight: 10 Time: 0.86s
Weight: 11 Time: 0.88s
Weight: 12 Time: 0.93s
Weight: 13 Time: 0.97s
Weight: 14 Time: 1.01s
Weight: 15 Time: 1.04s
---
Characteristic for sparx - Rounds 1 - Wordsize 16 - Weight 15 - Time 1.08s
Rounds	X0      X1      Y0      Y1      X0A0    X1A0    X0A1    X1A1    X0A2    X1A2    Y0A0    Y1A0    Y0A1    Y1A1    Y0A2    Y1A2    w       
-----------------------------------------------------------------------------------------------------------------------------------------------
0	0xB3E0  0x0000  0xD850  0xE083  0xBF7F  0xBF7F  0x4001  0xBDFF  0x4081  0xB77F  0x5ECD  0xDCC2  0x61F7  0x12FC  0x0181  0x4A71  -15     
1	0xBFF7  0x03F9  0x4081  0xB77F  none    none    none    none    none    none    none    none    none    none    none    none    none    

Weight: 15
Rounds:
Number of rounds: 2
Starting search for characteristic with minimal weight
sparx - Rounds: 2 Wordsize: 16
---
Weight: 15 Time: 0.0s
Weight: 16 Time: 0.08s
Weight: 17 Time: 0.17s
Weight: 18 Time: 0.24s
Weight: 19 Time: 0.31s
Weight: 20 Time: 0.39s
Weight: 21 Time: 0.45s
Weight: 22 Time: 0.52s
Weight: 23 Time: 0.6s
Weight: 24 Time: 0.69s
Weight: 25 Time: 0.76s
Weight: 26 Time: 0.85s
---
Characteristic for sparx - Rounds 2 - Wordsize 16 - Weight 26 - Time 0.92s
Rounds	X0      X1      Y0      Y1      X0A0    X1A0    X0A1    X1A1    X0A2    X1A2    Y0A0    Y1A0    Y0A1    Y1A1    Y0A2    Y1A2    w       
-----------------------------------------------------------------------------------------------------------------------------------------------
0	0xB3E0  0x0000  0xD850  0xE083  0xBF79  0xBF79  0x4C07  0xB1E1  0x46E7  0x8161  0x5EDD  0xDCD2  0x41E7  0x32AC  0x31FD  0xFB4D  -15     
1	0xF1DD  0xFCEB  0x46E7  0x8161  0xB206  0x41A9  0x4685  0x4020  0x4FED  0x4F6C  0xC7E4  0xC262  0x86E3  0x8F68  0xC8E5  0xF547  -11     
2	0x0608  0x3B2B  0x4FED  0x4F6C  none    none    none    none    none    none    none    none    none    none    none    none    none    

Weight: 26
Rounds:
Number of rounds: 3
Starting search for characteristic with minimal weight
sparx - Rounds: 3 Wordsize: 16
---
Weight: 26 Time: 0.0s
Weight: 27 Time: 0.29s
Weight: 28 Time: 0.9s
Weight: 29 Time: 1.18s
Weight: 30 Time: 1.54s
Weight: 31 Time: 1.95s
Weight: 32 Time: 3.07s
Weight: 33 Time: 4.92s
Weight: 34 Time: 6.6s
Weight: 35 Time: 8.95s
Weight: 36 Time: 16.85s
---
Characteristic for sparx - Rounds 3 - Wordsize 16 - Weight 36 - Time 17.01s
Rounds	X0      X1      Y0      Y1      X0A0    X1A0    X0A1    X1A1    X0A2    X1A2    Y0A0    Y1A0    Y0A1    Y1A1    Y0A2    Y1A2    w       
-----------------------------------------------------------------------------------------------------------------------------------------------
0	0xB3E0  0x0000  0xD850  0xE083  0xBF3F  0xBF3F  0xC041  0x3CBF  0x66CD  0x9431  0x5ECD  0xDCC2  0x67A9  0x14A2  0xADD1  0xFF59  -15     
1	0x37EE  0x979A  0x66CD  0x9431  0xA0C5  0xFEAF  0xF4B8  0x0E07  0x381C  0x0000  0xE9EA  0xB92C  0xE6B1  0x0203  0x1C34  0x1438  -15     
2	0x3810  0x0800  0x381C  0x0000  0x1810  0x3810  0x1860  0xF820  0xE850  0x08D3  0x3810  0x3810  0x1860  0xF820  0xE850  0x08D3  -6      
3	0x83E0  0x83E0  0xE850  0x08D3  none    none    none    none    none    none    none    none    none    none    none    none    none    

Weight: 36
Rounds:
Number of rounds: 4
Starting search for characteristic with minimal weight
sparx - Rounds: 4 Wordsize: 16
---
Weight: 36 Time: 0.0s
Weight: 37 Time: 14.27s
Weight: 38 Time: 18.04s
Weight: 39 Time: 36.48s
Weight: 40 Time: 40.28s
Weight: 41 Time: 44.77s
Weight: 42 Time: 54.94s
Weight: 43 Time: 66.57s
Traceback (most recent call last):
  File "cryptosmt-boomerang-slim.py", line 281, in <module>
    main()
  File "cryptosmt-boomerang-slim.py", line 277, in main
    startsearch(params)
  File "cryptosmt-boomerang-slim.py", line 74, in startsearch
    search.searchCharacteristics(cipher, tool_parameters)
  File "/Users/chanyenyee/Desktop/tools/cryptosmt-boomerang/cryptanalysis/search.py", line 266, in searchCharacteristics
    parameters["sweight"] = findMinWeightCharacteristic(cipher, parameters)
  File "/Users/chanyenyee/Desktop/tools/cryptosmt-boomerang/cryptanalysis/search.py", line 159, in findMinWeightCharacteristic
    result = solveSTP(stp_file)
  File "/Users/chanyenyee/Desktop/tools/cryptosmt-boomerang/cryptanalysis/search.py", line 314, in solveSTP
    result = subprocess.check_output(stp_parameters)
  File "/Library/Frameworks/Python.framework/Versions/3.7/lib/python3.7/subprocess.py", line 395, in check_output
    **kwargs).stdout
  File "/Library/Frameworks/Python.framework/Versions/3.7/lib/python3.7/subprocess.py", line 474, in run
    stdout, stderr = process.communicate(input, timeout=timeout)
  File "/Library/Frameworks/Python.framework/Versions/3.7/lib/python3.7/subprocess.py", line 926, in communicate
    stdout = self.stdout.read()
KeyboardInterrupt
