WARNING: Could not find BOOLECTOR binary, "--boolector" option not available.
Number of rounds: 1
Starting search for characteristic with minimal weight
sparx - Rounds: 1 Wordsize: 16
---
Weight: 0 Time: 0.0s
Weight: 1 Time: 0.12s
Weight: 2 Time: 0.13s
Weight: 3 Time: 0.14s
Weight: 4 Time: 0.16s
Weight: 5 Time: 0.17s
---
Characteristic for sparx - Rounds 1 - Wordsize 16 - Weight 5 - Time 0.21s
Rounds	X0      X1      Y0      Y1      X0A0    X1A0    X0A1    X1A1    X0A2    X1A2    Y0A0    Y1A0    Y0A1    Y1A1    Y0A2    Y1A2    w       
-----------------------------------------------------------------------------------------------------------------------------------------------
0	0x3818  0x0000  0x3818  0x0000  0x3010  0x3010  0x1070  0xD030  0xD050  0x9093  0x3010  0x3010  0x1070  0xD030  0xD050  0x9093  -5      
1	0xC340  0xC340  0xD050  0x9093  none    none    none    none    none    none    none    none    none    none    none    none    none    

Weight: 5
Rounds:
Number of rounds: 2
Starting search for characteristic with minimal weight
sparx - Rounds: 2 Wordsize: 16
---
Weight: 5 Time: 0.0s
Weight: 6 Time: 0.02s
Weight: 7 Time: 0.04s
Weight: 8 Time: 0.06s
Weight: 9 Time: 0.08s
Weight: 10 Time: 0.1s
Weight: 11 Time: 0.12s
Weight: 12 Time: 0.14s
Weight: 13 Time: 0.16s
Weight: 14 Time: 0.18s
Weight: 15 Time: 0.2s
Weight: 16 Time: 0.24s
Weight: 17 Time: 0.27s
Weight: 18 Time: 0.31s
Weight: 19 Time: 0.35s
Weight: 20 Time: 0.39s
Weight: 21 Time: 0.43s
Weight: 22 Time: 0.47s
Weight: 23 Time: 0.49s
Weight: 24 Time: 0.51s
Weight: 25 Time: 0.53s
Weight: 26 Time: 0.55s
Weight: 27 Time: 0.57s
Weight: 28 Time: 0.59s
Weight: 29 Time: 0.62s
Weight: 30 Time: 0.64s
Weight: 31 Time: 0.66s
Weight: 32 Time: 0.68s
Weight: 33 Time: 0.7s
Weight: 34 Time: 0.71s
Weight: 35 Time: 0.72s
Weight: 36 Time: 0.74s
Weight: 37 Time: 0.75s
Weight: 38 Time: 0.76s
Weight: 39 Time: 0.77s
Weight: 40 Time: 0.79s
Weight: 41 Time: 0.8s
Weight: 42 Time: 0.81s
Weight: 43 Time: 0.83s
Weight: 44 Time: 0.84s
Weight: 45 Time: 0.85s
Weight: 46 Time: 0.87s
Weight: 47 Time: 0.88s
Weight: 48 Time: 0.9s
Weight: 49 Time: 0.91s
Weight: 50 Time: 0.93s
Weight: 51 Time: 0.94s
Weight: 52 Time: 0.98s
Weight: 53 Time: 1.0s
Weight: 54 Time: 1.01s
Weight: 55 Time: 1.02s
Weight: 56 Time: 1.04s
Weight: 57 Time: 1.05s
Weight: 58 Time: 1.06s
Weight: 59 Time: 1.08s
Weight: 60 Time: 1.09s
Weight: 61 Time: 1.11s
Weight: 62 Time: 1.12s
Weight: 63 Time: 1.13s
Weight: 64 Time: 1.15s
Weight: 65 Time: 1.16s
Weight: 66 Time: 1.17s
Weight: 67 Time: 1.18s
Weight: 68 Time: 1.2s
Weight: 69 Time: 1.21s
Weight: 70 Time: 1.23s
Weight: 71 Time: 1.24s
Weight: 72 Time: 1.25s
Weight: 73 Time: 1.26s
Weight: 74 Time: 1.28s
Weight: 75 Time: 1.29s
Weight: 76 Time: 1.3s
Weight: 77 Time: 1.31s
Weight: 78 Time: 1.32s
Weight: 79 Time: 1.34s
Weight: 80 Time: 1.35s
Weight: 81 Time: 1.36s
Weight: 82 Time: 1.37s
Weight: 83 Time: 1.39s
Weight: 84 Time: 1.4s
Weight: 85 Time: 1.41s
Weight: 86 Time: 1.42s
Weight: 87 Time: 1.43s
Weight: 88 Time: 1.45s
Weight: 89 Time: 1.46s
Weight: 90 Time: 1.47s
Weight: 91 Time: 1.48s
Weight: 92 Time: 1.5s
Weight: 93 Time: 1.51s
Weight: 94 Time: 1.52s
Weight: 95 Time: 1.54s
Weight: 96 Time: 1.55s
Weight: 97 Time: 1.56s
Weight: 98 Time: 1.57s
Weight: 99 Time: 1.59s
Weight: 100 Time: 1.6s
Weight: 101 Time: 1.61s
Weight: 102 Time: 1.62s
Weight: 103 Time: 1.63s
Weight: 104 Time: 1.65s
Weight: 105 Time: 1.66s
Weight: 106 Time: 1.67s
Weight: 107 Time: 1.68s
Weight: 108 Time: 1.69s
Weight: 109 Time: 1.71s
Weight: 110 Time: 1.72s
Weight: 111 Time: 1.73s
Weight: 112 Time: 1.74s
Weight: 113 Time: 1.76s
Weight: 114 Time: 1.77s
Weight: 115 Time: 1.78s
Weight: 116 Time: 1.79s
Weight: 117 Time: 1.81s
Weight: 118 Time: 1.82s
Weight: 119 Time: 1.83s
Weight: 120 Time: 1.85s
Weight: 121 Time: 1.86s
Weight: 122 Time: 1.87s
Weight: 123 Time: 1.88s
Weight: 124 Time: 1.89s
Weight: 125 Time: 1.91s
Weight: 126 Time: 1.92s
Weight: 127 Time: 1.93s
Weight: 128 Time: 1.94s
Weight: 129 Time: 1.96s
Weight: 130 Time: 1.97s
Weight: 131 Time: 1.98s
Weight: 132 Time: 2.0s
Weight: 133 Time: 2.01s
Weight: 134 Time: 2.03s
Weight: 135 Time: 2.05s
Weight: 136 Time: 2.06s
Weight: 137 Time: 2.08s
Weight: 138 Time: 2.1s
Weight: 139 Time: 2.11s
Weight: 140 Time: 2.13s
Weight: 141 Time: 2.14s
Weight: 142 Time: 2.16s
Weight: 143 Time: 2.17s
Weight: 144 Time: 2.18s
Weight: 145 Time: 2.2s
Weight: 146 Time: 2.21s
Weight: 147 Time: 2.22s
Weight: 148 Time: 2.24s
Weight: 149 Time: 2.25s
Weight: 150 Time: 2.27s
Weight: 151 Time: 2.28s
Weight: 152 Time: 2.29s
Weight: 153 Time: 2.3s
Weight: 154 Time: 2.32s
Weight: 155 Time: 2.33s
Weight: 156 Time: 2.35s
Weight: 157 Time: 2.36s
Weight: 158 Time: 2.38s
Weight: 159 Time: 2.39s
Weight: 160 Time: 2.41s
Weight: 161 Time: 2.43s
Weight: 162 Time: 2.44s
Weight: 163 Time: 2.46s
Weight: 164 Time: 2.47s
Weight: 165 Time: 2.49s
Weight: 166 Time: 2.5s
Weight: 167 Time: 2.51s
Weight: 168 Time: 2.52s
Weight: 169 Time: 2.54s
Weight: 170 Time: 2.55s
Weight: 171 Time: 2.56s
Weight: 172 Time: 2.57s
Weight: 173 Time: 2.59s
Weight: 174 Time: 2.6s
Weight: 175 Time: 2.61s
Weight: 176 Time: 2.63s
Weight: 177 Time: 2.64s
Weight: 178 Time: 2.66s
Weight: 179 Time: 2.68s
Weight: 180 Time: 2.69s
Weight: 181 Time: 2.72s
Weight: 182 Time: 2.73s
Weight: 183 Time: 2.75s
Weight: 184 Time: 2.77s
Weight: 185 Time: 2.79s
Weight: 186 Time: 2.8s
Weight: 187 Time: 2.82s
Weight: 188 Time: 2.84s
Weight: 189 Time: 2.86s
Weight: 190 Time: 2.88s
Weight: 191 Time: 2.9s
Weight: 192 Time: 2.91s
Weight: 193 Time: 2.93s
Weight: 194 Time: 2.94s
Weight: 195 Time: 2.96s
Weight: 196 Time: 2.97s
Weight: 197 Time: 2.99s
Weight: 198 Time: 3.0s
Weight: 199 Time: 3.02s
Weight: 200 Time: 3.03s
Weight: 201 Time: 3.05s
Weight: 202 Time: 3.07s
Weight: 203 Time: 3.08s
Weight: 204 Time: 3.1s
Weight: 205 Time: 3.12s
Weight: 206 Time: 3.14s
Weight: 207 Time: 3.16s
Weight: 208 Time: 3.17s
Weight: 209 Time: 3.18s
Weight: 210 Time: 3.2s
Weight: 211 Time: 3.21s
Weight: 212 Time: 3.22s
Weight: 213 Time: 3.24s
Weight: 214 Time: 3.25s
Weight: 215 Time: 3.27s
Weight: 216 Time: 3.28s
Weight: 217 Time: 3.29s
Weight: 218 Time: 3.31s
Weight: 219 Time: 3.32s
Weight: 220 Time: 3.33s
Weight: 221 Time: 3.35s
Weight: 222 Time: 3.36s
Weight: 223 Time: 3.37s
Weight: 224 Time: 3.39s
Weight: 225 Time: 3.4s
Weight: 226 Time: 3.41s
Weight: 227 Time: 3.43s
Weight: 228 Time: 3.45s
Weight: 229 Time: 3.47s
Weight: 230 Time: 3.48s
Weight: 231 Time: 3.5s
Weight: 232 Time: 3.52s
Weight: 233 Time: 3.54s
Weight: 234 Time: 3.56s
Weight: 235 Time: 3.58s
Weight: 236 Time: 3.59s
Weight: 237 Time: 3.6s
Weight: 238 Time: 3.62s
Weight: 239 Time: 3.63s
Weight: 240 Time: 3.64s
Weight: 241 Time: 3.65s
Weight: 242 Time: 3.66s
Weight: 243 Time: 3.68s
Weight: 244 Time: 3.69s
Weight: 245 Time: 3.7s
Weight: 246 Time: 3.71s
Weight: 247 Time: 3.73s
Weight: 248 Time: 3.74s
Weight: 249 Time: 3.75s
Weight: 250 Time: 3.76s
Weight: 251 Time: 3.78s
Weight: 252 Time: 3.79s
Weight: 253 Time: 3.81s
Weight: 254 Time: 3.83s
Weight: 255 Time: 3.85s
Weight: 256 Time: 3.87s
Weight: 257 Time: 3.89s
Weight: 258 Time: 3.91s
Weight: 259 Time: 3.92s
Weight: 260 Time: 3.93s
Weight: 261 Time: 3.95s
Weight: 262 Time: 3.96s
Weight: 263 Time: 3.98s
Weight: 264 Time: 3.99s
Weight: 265 Time: 4.0s
Weight: 266 Time: 4.02s
Weight: 267 Time: 4.03s
Weight: 268 Time: 4.04s
Weight: 269 Time: 4.05s
Weight: 270 Time: 4.07s
Weight: 271 Time: 4.08s
Weight: 272 Time: 4.09s
Weight: 273 Time: 4.11s
Weight: 274 Time: 4.12s
Weight: 275 Time: 4.13s
Weight: 276 Time: 4.15s
Weight: 277 Time: 4.17s
Weight: 278 Time: 4.18s
Weight: 279 Time: 4.19s
Weight: 280 Time: 4.21s
Weight: 281 Time: 4.22s
Weight: 282 Time: 4.23s
Weight: 283 Time: 4.24s
Weight: 284 Time: 4.26s
Weight: 285 Time: 4.27s
Weight: 286 Time: 4.29s
Weight: 287 Time: 4.3s
Weight: 288 Time: 4.31s
Weight: 289 Time: 4.32s
Weight: 290 Time: 4.34s
Weight: 291 Time: 4.35s
Weight: 292 Time: 4.36s
Weight: 293 Time: 4.38s
Weight: 294 Time: 4.39s
Weight: 295 Time: 4.41s
Weight: 296 Time: 4.42s
Weight: 297 Time: 4.44s
Weight: 298 Time: 4.45s
Weight: 299 Time: 4.46s
Weight: 300 Time: 4.48s
Weight: 301 Time: 4.49s
Weight: 302 Time: 4.5s
Weight: 303 Time: 4.52s
Weight: 304 Time: 4.53s
Weight: 305 Time: 4.54s
Weight: 306 Time: 4.56s
Weight: 307 Time: 4.57s
Weight: 308 Time: 4.59s
Weight: 309 Time: 4.61s
Weight: 310 Time: 4.62s
Weight: 311 Time: 4.64s
Weight: 312 Time: 4.65s
Weight: 313 Time: 4.67s
Weight: 314 Time: 4.69s
Weight: 315 Time: 4.7s
Weight: 316 Time: 4.72s
Weight: 317 Time: 4.73s
Weight: 318 Time: 4.74s
Weight: 319 Time: 4.75s
Weight: 320 Time: 4.77s
Weight: 321 Time: 4.78s
Weight: 322 Time: 4.79s
Weight: 323 Time: 4.8s
Weight: 324 Time: 4.82s
Weight: 325 Time: 4.83s
Weight: 326 Time: 4.84s
Weight: 327 Time: 4.86s
Weight: 328 Time: 4.88s
Weight: 329 Time: 4.89s
Weight: 330 Time: 4.91s
Weight: 331 Time: 4.92s
Weight: 332 Time: 4.95s
Weight: 333 Time: 4.96s
Weight: 334 Time: 4.99s
Weight: 335 Time: 5.0s
Weight: 336 Time: 5.01s
Weight: 337 Time: 5.02s
Weight: 338 Time: 5.04s
Weight: 339 Time: 5.05s
Weight: 340 Time: 5.06s
Weight: 341 Time: 5.07s
Weight: 342 Time: 5.09s
Weight: 343 Time: 5.1s
Weight: 344 Time: 5.11s
Weight: 345 Time: 5.12s
Weight: 346 Time: 5.14s
Weight: 347 Time: 5.15s
Weight: 348 Time: 5.16s
Weight: 349 Time: 5.17s
Weight: 350 Time: 5.18s
Weight: 351 Time: 5.2s
Weight: 352 Time: 5.21s
Weight: 353 Time: 5.22s
Weight: 354 Time: 5.23s
Weight: 355 Time: 5.25s
Weight: 356 Time: 5.26s
Weight: 357 Time: 5.27s
Weight: 358 Time: 5.28s
Weight: 359 Time: 5.3s
Weight: 360 Time: 5.31s
Weight: 361 Time: 5.32s
Weight: 362 Time: 5.33s
Weight: 363 Time: 5.34s
Weight: 364 Time: 5.36s
Weight: 365 Time: 5.37s
Weight: 366 Time: 5.38s
Weight: 367 Time: 5.39s
Weight: 368 Time: 5.41s
Weight: 369 Time: 5.42s
Weight: 370 Time: 5.43s
Weight: 371 Time: 5.44s
Weight: 372 Time: 5.45s
Weight: 373 Time: 5.47s
Weight: 374 Time: 5.48s
Weight: 375 Time: 5.49s
Weight: 376 Time: 5.5s
Weight: 377 Time: 5.52s
Weight: 378 Time: 5.53s
Weight: 379 Time: 5.54s
Weight: 380 Time: 5.55s
Weight: 381 Time: 5.57s
Weight: 382 Time: 5.58s
Weight: 383 Time: 5.59s
Weight: 384 Time: 5.6s
Weight: 385 Time: 5.62s
Weight: 386 Time: 5.63s
Weight: 387 Time: 5.64s
Weight: 388 Time: 5.65s
Weight: 389 Time: 5.66s
Weight: 390 Time: 5.68s
Weight: 391 Time: 5.69s
Weight: 392 Time: 5.7s
Weight: 393 Time: 5.71s
Weight: 394 Time: 5.73s
Weight: 395 Time: 5.74s
Weight: 396 Time: 5.75s
Weight: 397 Time: 5.76s
Weight: 398 Time: 5.77s
Weight: 399 Time: 5.79s
Weight: 400 Time: 5.8s
Weight: 401 Time: 5.81s
Weight: 402 Time: 5.83s
Weight: 403 Time: 5.84s
Weight: 404 Time: 5.85s
Weight: 405 Time: 5.87s
Weight: 406 Time: 5.88s
Weight: 407 Time: 5.89s
Weight: 408 Time: 5.9s
Weight: 409 Time: 5.92s
Weight: 410 Time: 5.93s
Traceback (most recent call last):
  File "cryptosmt-boomerang-slim.py", line 281, in <module>
    main()
  File "cryptosmt-boomerang-slim.py", line 277, in main
    startsearch(params)
  File "cryptosmt-boomerang-slim.py", line 74, in startsearch
    search.searchCharacteristics(cipher, tool_parameters)
  File "/Users/chanyenyee/Desktop/tools/cryptosmt-boomerang/cryptanalysis/search.py", line 266, in searchCharacteristics
    parameters["sweight"] = findMinWeightCharacteristic(cipher, parameters)
  File "/Users/chanyenyee/Desktop/tools/cryptosmt-boomerang/cryptanalysis/search.py", line 153, in findMinWeightCharacteristic
    cipher.createSTP(stp_file, parameters)
  File "/Users/chanyenyee/Desktop/tools/cryptosmt-boomerang/ciphers/sparx.py", line 57, in createSTP
    y0 = ["Y0{}".format(i) for i in range(rounds + 1)]
  File "/Users/chanyenyee/Desktop/tools/cryptosmt-boomerang/ciphers/sparx.py", line 57, in <listcomp>
    y0 = ["Y0{}".format(i) for i in range(rounds + 1)]
KeyboardInterrupt
