WARNING: Could not find BOOLECTOR binary, "--boolector" option not available.
Number of rounds: 1
Starting search for characteristic with minimal weight
mibs - Rounds: 1 Wordsize: 64
---
Weight: 0 Time: 0.0s
---
Characteristic for mibs - Rounds 1 - Wordsize 64 - Weight 0 - Time 6.87s
Rounds	X                   S                   F                   w                   
---------------------------------------------------------------------------------------
0	0x0000000000800000  0x0000000000000000  0x0000000000000000  -0                  
1	0x0080000000000000  none                none                none                

Weight: 0
Rounds:
Number of rounds: 2
Starting search for characteristic with minimal weight
mibs - Rounds: 2 Wordsize: 64
---
Weight: 0 Time: 0.0s
Weight: 1 Time: 12.38s
Weight: 2 Time: 26.09s
---
Characteristic for mibs - Rounds 2 - Wordsize 64 - Weight 2 - Time 39.93s
Rounds	X                   S                   F                   w                   
---------------------------------------------------------------------------------------
0	0x0000000000000009  0x0000000000000000  0x0000000000000000  -0                  
1	0x0000000900000000  0x0000000100000000  0x1101101100000000  -2                  
2	0x1101101100000009  none                none                none                

Weight: 2
Rounds:
Number of rounds: 3
Starting search for characteristic with minimal weight
mibs - Rounds: 3 Wordsize: 64
---
Weight: 2 Time: 0.0s
Weight: 3 Time: 21.74s
Weight: 4 Time: 45.03s
---
Characteristic for mibs - Rounds 3 - Wordsize 64 - Weight 4 - Time 66.77s
Rounds	X                   S                   F                   w                   
---------------------------------------------------------------------------------------
0	0x0000006088888800  0x0000008000000000  0x8888880000000000  -2                  
1	0x0000000000000060  0x0000000000000000  0x0000000000000000  -0                  
2	0x0000006000000000  0x0000008000000000  0x8888880000000000  -2                  
3	0x8888880000000060  none                none                none                

Weight: 4
Rounds:
Number of rounds: 4
Starting search for characteristic with minimal weight
mibs - Rounds: 4 Wordsize: 64
---
Weight: 4 Time: 0.0s
Weight: 5 Time: 31.03s
Weight: 6 Time: 61.66s
Weight: 7 Time: 95.27s
Weight: 8 Time: 130.16s
Weight: 9 Time: 166.32s
Weight: 10 Time: 203.01s
Weight: 11 Time: 244.82s
Weight: 12 Time: 287.94s
---
Characteristic for mibs - Rounds 4 - Wordsize 64 - Weight 12 - Time 324.2s
Rounds	X                   S                   F                   w                   
---------------------------------------------------------------------------------------
0	0x000000000E00E00E  0x0000000000000000  0x0000000000000000  -0                  
1	0x0E00E00E00000000  0x0500500500000000  0x0500500500000000  -6                  
2	0x050050050E00E00E  0x0E00E00E00000000  0x0E00E00E00000000  -6                  
3	0x0000000005005005  0x0000000000000000  0x0000000000000000  -0                  
4	0x0500500500000000  none                none                none                

Weight: 12
Rounds:
Number of rounds: 5
Starting search for characteristic with minimal weight
mibs - Rounds: 5 Wordsize: 64
---
Weight: 12 Time: 0.0s
Weight: 13 Time: 69.48s
Weight: 14 Time: 144.38s
